(0000) 3000  0011000000000000 (   1)                 .ORIG x3000
(3000) A634  1010011000110100 (   3)                 LDI   R3 MONTH
(3001) A834  1010100000110100 (   4)                 LDI   R4 DAY
(3002) AA34  1010101000110100 (   5)                 LDI   R5 YEAR
(3003) 483D  0100100000111101 (   7)                 JSR   COMPUTE_M
(3004) 484D  0100100001001101 (   8)                 JSR   COMPUTE_D
(3005) 485A  0100100001011010 (   9)                 JSR   COMPUTE_C
(3006) 1D20  0001110100100000 (  11)                 ADD   R6 R4 #0
(3007) A432  1010010000110010 (  12)                 LDI   R2 M
(3008) 14A1  0001010010100001 (  13)                 ADD   R2 R2 #1
(3009) 5260  0101001001100000 (  14)                 AND   R1 R1 #0
(300A) 126D  0001001001101101 (  15)                 ADD   R1 R1 #13
(300B) 4862  0100100001100010 (  16)                 JSR   MULT
(300C) A230  1010001000110000 (  18)                 LDI   R1 X_MUL_Y
(300D) 54A0  0101010010100000 (  19)                 AND   R2 R2 #0
(300E) 14A5  0001010010100101 (  20)                 ADD   R2 R2 #5
(300F) 487E  0100100001111110 (  21)                 JSR   DIV
(3010) A22D  1010001000101101 (  22)                 LDI   R1 X_DIV_Y
(3011) 1D81  0001110110000001 (  23)                 ADD   R6 R6 R1
(3012) A228  1010001000101000 (  25)                 LDI   R1 D
(3013) 1D81  0001110110000001 (  26)                 ADD   R6 R6 R1
(3014) 54A0  0101010010100000 (  28)                 AND   R2 R2 #0
(3015) 14A4  0001010010100100 (  29)                 ADD   R2 R2 #4
(3016) 4877  0100100001110111 (  30)                 JSR   DIV
(3017) A226  1010001000100110 (  31)                 LDI   R1 X_DIV_Y
(3018) 1D81  0001110110000001 (  32)                 ADD   R6 R6 R1
(3019) A222  1010001000100010 (  34)                 LDI   R1 C
(301A) 54A0  0101010010100000 (  35)                 AND   R2 R2 #0
(301B) 14A4  0001010010100100 (  36)                 ADD   R2 R2 #4
(301C) 4871  0100100001110001 (  37)                 JSR   DIV
(301D) A220  1010001000100000 (  38)                 LDI   R1 X_DIV_Y
(301E) 1D81  0001110110000001 (  39)                 ADD   R6 R6 R1
(301F) A21C  1010001000011100 (  41)                 LDI   R1 C
(3020) 54A0  0101010010100000 (  42)                 AND   R2 R2 #0
(3021) 14A2  0001010010100010 (  43)                 ADD   R2 R2 #2
(3022) 484B  0100100001001011 (  44)                 JSR   MULT
(3023) A219  1010001000011001 (  45)                 LDI   R1 X_MUL_Y
(3024) 927F  1001001001111111 (  46)                 NOT   R1 R1
(3025) 1261  0001001001100001 (  47)                 ADD   R1 R1 #1
(3026) 1D81  0001110110000001 (  48)                 ADD   R6 R6 R1
(3027) 13A0  0001001110100000 (  50)                 ADD   R1 R6 #0
(3028) 54A0  0101010010100000 (  51)                 AND   R2 R2 #0
(3029) 14A7  0001010010100111 (  52)                 ADD   R2 R2 #7
(302A) 4888  0100100010001000 (  53)                 JSR   MOD
(302B) A213  1010001000010011 (  55)                 LDI   R1 X_MOD_Y
(302C) B20B  1011001000001011 (  56)                 STI   R1 DAY_OF_THE_WEEK
(302D) 200B  0010000000001011 (  57)                 LD    R0 DAYS_OF_THE_WEEK_LIST
(302E) 54A0  0101010010100000 (  58)                 AND   R2 R2 #0
(302F) 14AA  0001010010101010 (  59)                 ADD   R2 R2 #10
(3030) 483D  0100100000111101 (  60)                 JSR   MULT
(3031) A20B  1010001000001011 (  61)                 LDI   R1 X_MUL_Y
(3032) 1001  0001000000000001 (  62)                 ADD   R0 R0 R1
(3033) F022  1111000000100010 (  63)                 TRAP  x22
(3034) F025  1111000000100101 (  65)                 TRAP  x25
(3035) 31F0  0011000111110000 (  69) MONTH           .FILL x31F0
(3036) 31F1  0011000111110001 (  70) DAY             .FILL x31F1
(3037) 31F2  0011000111110010 (  71) YEAR            .FILL x31F2
(3038) 31F3  0011000111110011 (  72) DAY_OF_THE_WEEK .FILL x31F3
(3039) 3600  0011011000000000 (  73) DAYS_OF_THE_WEEK_LIST .FILL x3600
(303A) 3100  0011000100000000 (  74) M               .FILL x3100
(303B) 3101  0011000100000001 (  75) D               .FILL x3101
(303C) 3102  0011000100000010 (  76) C               .FILL x3102
(303D) 3103  0011000100000011 (  77) X_MUL_Y         .FILL x3103
(303E) 3104  0011000100000100 (  78) X_DIV_Y         .FILL x3104
(303F) 3105  0011000100000101 (  79) X_MOD_Y         .FILL x3105
(3040) 0064  0000000001100100 (  80) N_100           .FILL x0064
(3041) B291  1011001010010001 (  85) COMPUTE_M       STI   R1 SAVE_R1
(3042) B491  1011010010010001 (  86)                 STI   R2 SAVE_R2
(3043) B691  1011011010010001 (  87)                 STI   R3 SAVE_R3
(3044) A3F0  1010001111110000 (  89)                 LDI   R1 MONTH
(3045) 1660  0001011001100000 (  90)                 ADD   R3 R1 #0
(3046) 54A0  0101010010100000 (  91)                 AND   R2 R2 #0
(3047) 14BE  0001010010111110 (  92)                 ADD   R2 R2 #-2
(3048) 1242  0001001001000010 (  93)                 ADD   R1 R1 R2
(3049) 0202  0000001000000010 (  94)                 BRP   MONTH_GT_2
(304A) 16EA  0001011011101010 (  95)                 ADD   R3 R3 #10
(304B) 0E02  0000111000000010 (  96)                 BRNZP x304E
(304C) 16E0  0001011011100000 (  98) MONTH_GT_2      ADD   R3 R3 #0
(304D) B7EC  1011011111101100 (  99)                 STI   R3 M
(304E) A284  1010001010000100 ( 100)                 LDI   R1 SAVE_R1
(304F) A484  1010010010000100 ( 101)                 LDI   R2 SAVE_R2
(3050) A684  1010011010000100 ( 102)                 LDI   R3 SAVE_R3
(3051) C1C0  1100000111000000 ( 103)                 RET   
(3052) B280  1011001010000000 ( 107) COMPUTE_D       STI   R1 SAVE_R1
(3053) B480  1011010010000000 ( 108)                 STI   R2 SAVE_R2
(3054) B680  1011011010000000 ( 109)                 STI   R3 SAVE_R3
(3055) BE82  1011111010000010 ( 110)                 STI   R7 SAVE_R7
(3056) A3E0  1010001111100000 ( 112)                 LDI   R1 YEAR
(3057) 25E8  0010010111101000 ( 113)                 LD    R2 N_100
(3058) 485A  0100100001011010 ( 114)                 JSR   MOD
(3059) A7E5  1010011111100101 ( 115)                 LDI   R3 X_MOD_Y
(305A) B7E0  1011011111100000 ( 116)                 STI   R3 D
(305B) A277  1010001001110111 ( 117)                 LDI   R1 SAVE_R1
(305C) A477  1010010001110111 ( 118)                 LDI   R2 SAVE_R2
(305D) A677  1010011001110111 ( 119)                 LDI   R3 SAVE_R3
(305E) AE79  1010111001111001 ( 120)                 LDI   R7 SAVE_R7
(305F) C1C0  1100000111000000 ( 121)                 RET   
(3060) B272  1011001001110010 ( 125) COMPUTE_C       STI   R1 SAVE_R1
(3061) B472  1011010001110010 ( 126)                 STI   R2 SAVE_R2
(3062) B672  1011011001110010 ( 127)                 STI   R3 SAVE_R3
(3063) BE74  1011111001110100 ( 128)                 STI   R7 SAVE_R7
(3064) A3D2  1010001111010010 ( 130)                 LDI   R1 YEAR
(3065) 25DA  0010010111011010 ( 131)                 LD    R2 N_100
(3066) 4827  0100100000100111 ( 132)                 JSR   DIV
(3067) A7D6  1010011111010110 ( 133)                 LDI   R3 X_DIV_Y
(3068) B7D3  1011011111010011 ( 134)                 STI   R3 C
(3069) A269  1010001001101001 ( 135)                 LDI   R1 SAVE_R1
(306A) A469  1010010001101001 ( 136)                 LDI   R2 SAVE_R2
(306B) A669  1010011001101001 ( 137)                 LDI   R3 SAVE_R3
(306C) AE6B  1010111001101011 ( 138)                 LDI   R7 SAVE_R7
(306D) C1C0  1100000111000000 ( 139)                 RET   
(306E) B264  1011001001100100 ( 141) MULT            STI   R1 SAVE_R1
(306F) B464  1011010001100100 ( 142)                 STI   R2 SAVE_R2
(3070) B664  1011011001100100 ( 143)                 STI   R3 SAVE_R3
(3071) B864  1011100001100100 ( 144)                 STI   R4 SAVE_R4
(3072) 5920  0101100100100000 ( 145)                 AND   R4 R4 #0
(3073) 1260  0001001001100000 ( 146)                 ADD   R1 R1 #0
(3074) 0801  0000100000000001 ( 147)                 BRN   X_NEG
(3075) 0E03  0000111000000011 ( 148)                 BRNZP x3079
(3076) 927F  1001001001111111 ( 150) X_NEG           NOT   R1 R1
(3077) 1261  0001001001100001 ( 151)                 ADD   R1 R1 #1
(3078) 993F  1001100100111111 ( 152)                 NOT   R4 R4
(3079) 14A0  0001010010100000 ( 153)                 ADD   R2 R2 #0
(307A) 0801  0000100000000001 ( 154)                 BRN   Y_NEG
(307B) 0E03  0000111000000011 ( 155)                 BRNZP x307F
(307C) 94BF  1001010010111111 ( 157) Y_NEG           NOT   R2 R2
(307D) 14A1  0001010010100001 ( 158)                 ADD   R2 R2 #1
(307E) 993F  1001100100111111 ( 159)                 NOT   R4 R4
(307F) 56E0  0101011011100000 ( 160)                 AND   R3 R3 #0
(3080) 16C1  0001011011000001 ( 162) MULT_REPEAT     ADD   R3 R3 R1
(3081) 14BF  0001010010111111 ( 163)                 ADD   R2 R2 #-1
(3082) 0BFD  0000101111111101 ( 164)                 BRNP  MULT_REPEAT
(3083) 1920  0001100100100000 ( 166)                 ADD   R4 R4 #0
(3084) 0801  0000100000000001 ( 167)                 BRN   CHANGE_SIGN
(3085) 0E02  0000111000000010 ( 168)                 BRNZP x3088
(3086) 96FF  1001011011111111 ( 170) CHANGE_SIGN     NOT   R3 R3
(3087) 16E1  0001011011100001 ( 171)                 ADD   R3 R3 #1
(3088) B7B4  1011011110110100 ( 172)                 STI   R3 X_MUL_Y
(3089) A249  1010001001001001 ( 173)                 LDI   R1 SAVE_R1
(308A) A449  1010010001001001 ( 174)                 LDI   R2 SAVE_R2
(308B) A649  1010011001001001 ( 175)                 LDI   R3 SAVE_R3
(308C) A849  1010100001001001 ( 176)                 LDI   R4 SAVE_R4
(308D) C1C0  1100000111000000 ( 177)                 RET   
(308E) B244  1011001001000100 ( 180) DIV             STI   R1 SAVE_R1
(308F) B444  1011010001000100 ( 181)                 STI   R2 SAVE_R2
(3090) B644  1011011001000100 ( 182)                 STI   R3 SAVE_R3
(3091) B844  1011100001000100 ( 183)                 STI   R4 SAVE_R4
(3092) BA44  1011101001000100 ( 184)                 STI   R5 SAVE_R5
(3093) 56E0  0101011011100000 ( 186)                 AND   R3 R3 #0
(3094) 5B60  0101101101100000 ( 187)                 AND   R5 R5 #0
(3095) 1260  0001001001100000 ( 188)                 ADD   R1 R1 #0
(3096) 0801  0000100000000001 ( 189)                 BRN   X_NEG_2
(3097) 0E03  0000111000000011 ( 190)                 BRNZP x309B
(3098) 927F  1001001001111111 ( 192) X_NEG_2         NOT   R1 R1
(3099) 1261  0001001001100001 ( 193)                 ADD   R1 R1 #1
(309A) 9B7F  1001101101111111 ( 194)                 NOT   R5 R5
(309B) 14A0  0001010010100000 ( 195)                 ADD   R2 R2 #0
(309C) 0801  0000100000000001 ( 196)                 BRN   Y_NEG_2
(309D) 0E03  0000111000000011 ( 197)                 BRNZP x30A1
(309E) 94BF  1001010010111111 ( 199) Y_NEG_2         NOT   R2 R2
(309F) 14A1  0001010010100001 ( 200)                 ADD   R2 R2 #1
(30A0) 9B7F  1001101101111111 ( 201)                 NOT   R5 R5
(30A1) 98BF  1001100010111111 ( 203)                 NOT   R4 R2
(30A2) 1921  0001100100100001 ( 204)                 ADD   R4 R4 #1
(30A3) 1244  0001001001000100 ( 206) DIV_REPEAT      ADD   R1 R1 R4
(30A4) 0802  0000100000000010 ( 207)                 BRN   x30A7
(30A5) 16E1  0001011011100001 ( 208)                 ADD   R3 R3 #1
(30A6) 0FFC  0000111111111100 ( 209)                 BRNZP DIV_REPEAT
(30A7) 1B60  0001101101100000 ( 210)                 ADD   R5 R5 #0
(30A8) 0801  0000100000000001 ( 211)                 BRN   CHANGE_SIGN_2
(30A9) 0E02  0000111000000010 ( 212)                 BRNZP x30AC
(30AA) 96FF  1001011011111111 ( 214) CHANGE_SIGN_2   NOT   R3 R3
(30AB) 16E1  0001011011100001 ( 215)                 ADD   R3 R3 #1
(30AC) B791  1011011110010001 ( 216)                 STI   R3 X_DIV_Y
(30AD) A225  1010001000100101 ( 217)                 LDI   R1 SAVE_R1
(30AE) A425  1010010000100101 ( 218)                 LDI   R2 SAVE_R2
(30AF) A625  1010011000100101 ( 219)                 LDI   R3 SAVE_R3
(30B0) A825  1010100000100101 ( 220)                 LDI   R4 SAVE_R4
(30B1) AA25  1010101000100101 ( 221)                 LDI   R5 SAVE_R5
(30B2) C1C0  1100000111000000 ( 222)                 RET   
(30B3) B21F  1011001000011111 ( 225) MOD             STI   R1 SAVE_R1
(30B4) B41F  1011010000011111 ( 226)                 STI   R2 SAVE_R2
(30B5) B61F  1011011000011111 ( 227)                 STI   R3 SAVE_R3
(30B6) B81F  1011100000011111 ( 228)                 STI   R4 SAVE_R4
(30B7) BA1F  1011101000011111 ( 229)                 STI   R5 SAVE_R5
(30B8) 5B60  0101101101100000 ( 231)                 AND   R5 R5 #0
(30B9) 1260  0001001001100000 ( 232)                 ADD   R1 R1 #0
(30BA) 0801  0000100000000001 ( 233)                 BRN   X_NEG_3
(30BB) 0E03  0000111000000011 ( 234)                 BRNZP x30BF
(30BC) 927F  1001001001111111 ( 236) X_NEG_3         NOT   R1 R1
(30BD) 1261  0001001001100001 ( 237)                 ADD   R1 R1 #1
(30BE) 9B7F  1001101101111111 ( 238)                 NOT   R5 R5
(30BF) 14A0  0001010010100000 ( 239)                 ADD   R2 R2 #0
(30C0) 0801  0000100000000001 ( 240)                 BRN   Y_NEG_3
(30C1) 0E03  0000111000000011 ( 241)                 BRNZP x30C5
(30C2) 94BF  1001010010111111 ( 243) Y_NEG_3         NOT   R2 R2
(30C3) 14A1  0001010010100001 ( 244)                 ADD   R2 R2 #1
(30C4) 9B7F  1001101101111111 ( 245)                 NOT   R5 R5
(30C5) 96BF  1001011010111111 ( 246)                 NOT   R3 R2
(30C6) 16E1  0001011011100001 ( 247)                 ADD   R3 R3 #1
(30C7) 1860  0001100001100000 ( 248)                 ADD   R4 R1 #0
(30C8) 1243  0001001001000011 ( 250) MOD_REPEAT      ADD   R1 R1 R3
(30C9) 0C02  0000110000000010 ( 251)                 BRNZ  x30CC
(30CA) 1903  0001100100000011 ( 252)                 ADD   R4 R4 R3
(30CB) 0FFC  0000111111111100 ( 253)                 BRNZP MOD_REPEAT
(30CC) B972  1011100101110010 ( 254)                 STI   R4 X_MOD_Y
(30CD) A205  1010001000000101 ( 255)                 LDI   R1 SAVE_R1
(30CE) A405  1010010000000101 ( 256)                 LDI   R2 SAVE_R2
(30CF) A605  1010011000000101 ( 257)                 LDI   R3 SAVE_R3
(30D0) A805  1010100000000101 ( 258)                 LDI   R4 SAVE_R4
(30D1) AA05  1010101000000101 ( 259)                 LDI   R5 SAVE_R5
(30D2) C1C0  1100000111000000 ( 260)                 RET   
(30D3) 3500  0011010100000000 ( 262) SAVE_R1         .FILL x3500
(30D4) 3501  0011010100000001 ( 263) SAVE_R2         .FILL x3501
(30D5) 3502  0011010100000010 ( 264) SAVE_R3         .FILL x3502
(30D6) 3503  0011010100000011 ( 265) SAVE_R4         .FILL x3503
(30D7) 3504  0011010100000100 ( 266) SAVE_R5         .FILL x3504
(30D8) 3505  0011010100000101 ( 267) SAVE_R7         .FILL x3505
